2016-10-17 10:55:16.0008 INFO localhost-startStop-1 org.springframework.beans.factory.support.DefaultListableBeanFactory – Overriding bean definition for bean 'resfulService': replacing [Generic bean: class [com.bitbybit.service.ResfulServiceImpl]; scope=singleton; abstract=false; lazyInit=false; autowireMode=0; dependencyCheck=0; autowireCandidate=true; primary=false; factoryBeanName=null; factoryMethodName=null; initMethodName=null; destroyMethodName=null; defined in file [C:\xampp\tomcat\webapps\SpringGreetings\WEB-INF\classes\com\bitbybit\service\ResfulServiceImpl.class]] with [Generic bean: class [com.bitbybit.service.ResfulServiceImpl]; scope=; abstract=false; lazyInit=false; autowireMode=0; dependencyCheck=0; autowireCandidate=true; primary=false; factoryBeanName=null; factoryMethodName=null; initMethodName=null; destroyMethodName=null; defined in ServletContext resource [/WEB-INF/applicationContext.xml]]
2016-10-17 10:55:17.0864 INFO localhost-startStop-1 org.springframework.context.support.PostProcessorRegistrationDelegate$BeanPostProcessorChecker – Bean 'org.springframework.transaction.annotation.AnnotationTransactionAttributeSource#0' of type [class org.springframework.transaction.annotation.AnnotationTransactionAttributeSource] is not eligible for getting processed by all BeanPostProcessors (for example: not eligible for auto-proxying)
2016-10-17 10:55:17.0868 INFO localhost-startStop-1 org.springframework.context.support.PostProcessorRegistrationDelegate$BeanPostProcessorChecker – Bean 'org.springframework.transaction.config.internalTransactionAdvisor' of type [class org.springframework.transaction.interceptor.BeanFactoryTransactionAttributeSourceAdvisor] is not eligible for getting processed by all BeanPostProcessors (for example: not eligible for auto-proxying)
2016-10-17 10:55:17.0987 INFO localhost-startStop-1 org.springframework.jdbc.datasource.DriverManagerDataSource – Loaded JDBC driver: com.mysql.jdbc.Driver
2016-10-17 10:55:18.0440 INFO localhost-startStop-1 org.hibernate.annotations.common.Version – HCANN000001: Hibernate Commons Annotations {5.0.1.Final}
2016-10-17 10:55:18.0463 INFO localhost-startStop-1 org.hibernate.Version – HHH000412: Hibernate Core {4.3.6.Final}
2016-10-17 10:55:18.0467 INFO localhost-startStop-1 org.hibernate.cfg.Environment – HHH000206: hibernate.properties not found
2016-10-17 10:55:18.0470 INFO localhost-startStop-1 org.hibernate.cfg.Environment – HHH000021: Bytecode provider name : javassist
2016-10-17 10:55:23.0437 WARN localhost-startStop-1 org.hibernate.engine.jdbc.internal.JdbcServicesImpl – HHH000342: Could not obtain connection to query metadata : Communications link failure

The last packet sent successfully to the server was 0 milliseconds ago. The driver has not received any packets from the server.
2016-10-17 10:55:23.0536 INFO localhost-startStop-1 org.hibernate.dialect.Dialect – HHH000400: Using dialect: org.hibernate.dialect.MySQLDialect
2016-10-17 10:55:23.0570 INFO localhost-startStop-1 org.hibernate.engine.jdbc.internal.LobCreatorBuilder – HHH000422: Disabling contextual LOB creation as connection was null
2016-10-17 10:55:24.0059 INFO localhost-startStop-1 org.hibernate.engine.transaction.internal.TransactionFactoryInitiator – HHH000399: Using default transaction strategy (direct JDBC transactions)
2016-10-17 10:55:24.0112 INFO localhost-startStop-1 org.hibernate.hql.internal.ast.ASTQueryTranslatorFactory – HHH000397: Using ASTQueryTranslatorFactory
2016-10-17 10:55:25.0158 INFO localhost-startStop-1 org.springframework.web.servlet.mvc.method.annotation.RequestMappingHandlerMapping – Mapped "{[/home/greetings.html],methods=[GET],params=[],headers=[],consumes=[],produces=[],custom=[]}" onto public java.lang.String com.bitbybit.web.controller.GreetingController.showAllGreetings(java.util.Map<java.lang.String, java.lang.Object>)
2016-10-17 10:55:25.0158 INFO localhost-startStop-1 org.springframework.web.servlet.mvc.method.annotation.RequestMappingHandlerMapping – Mapped "{[/home/addgreeting.html],methods=[GET],params=[],headers=[],consumes=[],produces=[],custom=[]}" onto public java.lang.String com.bitbybit.web.controller.GreetingController.showAddGreetingPage(com.bitbybit.web.form.GreetingForm)
2016-10-17 10:55:25.0159 INFO localhost-startStop-1 org.springframework.web.servlet.mvc.method.annotation.RequestMappingHandlerMapping – Mapped "{[/home/greetings.html],methods=[POST],params=[],headers=[],consumes=[],produces=[],custom=[]}" onto public java.lang.String com.bitbybit.web.controller.GreetingController.addGreetingAndShowAll(com.bitbybit.web.form.GreetingForm,java.util.Map<java.lang.String, java.lang.Object>)
2016-10-17 10:55:25.0160 INFO localhost-startStop-1 org.springframework.web.servlet.mvc.method.annotation.RequestMappingHandlerMapping – Mapped "{[/home/user/],methods=[POST],params=[],headers=[],consumes=[],produces=[],custom=[]}" onto public org.springframework.http.ResponseEntity<java.lang.Void> com.bitbybit.web.controller.RestfulController.createUser(com.bitbybit.domain.User,org.springframework.web.util.UriComponentsBuilder)
2016-10-17 10:55:25.0160 INFO localhost-startStop-1 org.springframework.web.servlet.mvc.method.annotation.RequestMappingHandlerMapping – Mapped "{[/home/user/{id}],methods=[PUT],params=[],headers=[],consumes=[],produces=[],custom=[]}" onto public org.springframework.http.ResponseEntity<com.bitbybit.domain.User> com.bitbybit.web.controller.RestfulController.updateUser(long,com.bitbybit.domain.User)
2016-10-17 10:55:25.0160 INFO localhost-startStop-1 org.springframework.web.servlet.mvc.method.annotation.RequestMappingHandlerMapping – Mapped "{[/home/user/{id}],methods=[DELETE],params=[],headers=[],consumes=[],produces=[],custom=[]}" onto public org.springframework.http.ResponseEntity<com.bitbybit.domain.User> com.bitbybit.web.controller.RestfulController.deleteUser(long)
2016-10-17 10:55:25.0160 INFO localhost-startStop-1 org.springframework.web.servlet.mvc.method.annotation.RequestMappingHandlerMapping – Mapped "{[/home/user/],methods=[GET],params=[],headers=[],consumes=[],produces=[],custom=[]}" onto public org.springframework.http.ResponseEntity<java.util.List<com.bitbybit.domain.User>> com.bitbybit.web.controller.RestfulController.getListAllUser()
2016-10-17 10:55:25.0160 INFO localhost-startStop-1 org.springframework.web.servlet.mvc.method.annotation.RequestMappingHandlerMapping – Mapped "{[/home/user/],methods=[DELETE],params=[],headers=[],consumes=[],produces=[],custom=[]}" onto public org.springframework.http.ResponseEntity<com.bitbybit.domain.User> com.bitbybit.web.controller.RestfulController.deleteAllUser()
2016-10-17 10:55:25.0160 INFO localhost-startStop-1 org.springframework.web.servlet.mvc.method.annotation.RequestMappingHandlerMapping – Mapped "{[/home/user/{id}],methods=[GET],params=[],headers=[],consumes=[],produces=[application/json],custom=[]}" onto public org.springframework.http.ResponseEntity<com.bitbybit.domain.User> com.bitbybit.web.controller.RestfulController.getUser(long)
2016-10-17 10:55:25.0172 INFO localhost-startStop-1 org.springframework.web.servlet.mvc.method.annotation.RequestMappingHandlerMapping – Mapped "{[/v2/api-docs],methods=[GET],params=[],headers=[],consumes=[],produces=[application/json || application/hal+json],custom=[]}" onto public org.springframework.http.ResponseEntity<springfox.documentation.spring.web.json.Json> springfox.documentation.swagger2.web.Swagger2Controller.getDocumentation(java.lang.String,javax.servlet.http.HttpServletRequest)
2016-10-17 10:55:25.0186 INFO localhost-startStop-1 org.springframework.web.servlet.mvc.method.annotation.RequestMappingHandlerMapping – Mapped "{[/swagger-resources/configuration/security],methods=[],params=[],headers=[],consumes=[],produces=[],custom=[]}" onto org.springframework.http.ResponseEntity<springfox.documentation.swagger.web.SecurityConfiguration> springfox.documentation.swagger.web.ApiResourceController.securityConfiguration()
2016-10-17 10:55:25.0187 INFO localhost-startStop-1 org.springframework.web.servlet.mvc.method.annotation.RequestMappingHandlerMapping – Mapped "{[/swagger-resources],methods=[],params=[],headers=[],consumes=[],produces=[],custom=[]}" onto org.springframework.http.ResponseEntity<java.util.List<springfox.documentation.swagger.web.SwaggerResource>> springfox.documentation.swagger.web.ApiResourceController.swaggerResources()
2016-10-17 10:55:25.0188 INFO localhost-startStop-1 org.springframework.web.servlet.mvc.method.annotation.RequestMappingHandlerMapping – Mapped "{[/swagger-resources/configuration/ui],methods=[],params=[],headers=[],consumes=[],produces=[],custom=[]}" onto org.springframework.http.ResponseEntity<springfox.documentation.swagger.web.UiConfiguration> springfox.documentation.swagger.web.ApiResourceController.uiConfiguration()
2016-10-17 10:55:26.0424 INFO localhost-startStop-1 org.springframework.web.servlet.mvc.method.annotation.RequestMappingHandlerAdapter – Looking for @ControllerAdvice: Root WebApplicationContext: startup date [Mon Oct 17 10:55:14 ICT 2016]; root of context hierarchy
2016-10-17 10:55:26.0506 INFO localhost-startStop-1 org.springframework.web.servlet.mvc.method.annotation.RequestMappingHandlerAdapter – Looking for @ControllerAdvice: Root WebApplicationContext: startup date [Mon Oct 17 10:55:14 ICT 2016]; root of context hierarchy
2016-10-17 10:55:26.0635 INFO localhost-startStop-1 org.springframework.orm.hibernate4.HibernateTransactionManager – Using DataSource [org.springframework.jdbc.datasource.DriverManagerDataSource@34a1573b] of Hibernate SessionFactory for HibernateTransactionManager
2016-10-17 10:55:26.0683 INFO localhost-startStop-1 org.springframework.web.servlet.handler.SimpleUrlHandlerMapping – Mapped URL path [/swagger-ui.html] onto handler 'org.springframework.web.servlet.resource.ResourceHttpRequestHandler#0'
2016-10-17 10:55:26.0690 INFO localhost-startStop-1 org.springframework.web.servlet.handler.SimpleUrlHandlerMapping – Mapped URL path [/webjars/**] onto handler 'org.springframework.web.servlet.resource.ResourceHttpRequestHandler#1'
2016-10-17 10:55:26.0701 INFO localhost-startStop-1 org.springframework.web.servlet.handler.SimpleUrlHandlerMapping – Mapped URL path [/**] onto handler 'org.springframework.web.servlet.resource.DefaultServletHttpRequestHandler#0'
2016-10-17 10:55:27.0546 INFO localhost-startStop-1 org.springframework.context.support.DefaultLifecycleProcessor – Starting beans in phase 2147483647
2016-10-17 10:55:27.0546 INFO localhost-startStop-1 springfox.documentation.spring.web.plugins.DocumentationPluginsBootstrapper – Context refreshed
2016-10-17 10:55:27.0598 INFO localhost-startStop-1 springfox.documentation.spring.web.plugins.DocumentationPluginsBootstrapper – Found 1 custom documentation plugin(s)
2016-10-17 10:55:27.0616 INFO localhost-startStop-1 springfox.documentation.spring.web.scanners.ApiListingReferenceScanner – Scanning for api listing references
2016-10-17 10:55:27.0970 INFO localhost-startStop-1 org.springframework.web.context.ContextLoader – Root WebApplicationContext: initialization completed in 14394 ms
2016-10-17 10:55:27.0985 INFO localhost-startStop-1 org.springframework.web.servlet.DispatcherServlet – FrameworkServlet 'greeter': initialization started
2016-10-17 10:55:27.0988 INFO localhost-startStop-1 org.springframework.web.context.support.XmlWebApplicationContext – Refreshing WebApplicationContext for namespace 'greeter-servlet': startup date [Mon Oct 17 10:55:27 ICT 2016]; parent: Root WebApplicationContext
2016-10-17 10:55:27.0989 INFO localhost-startStop-1 org.springframework.beans.factory.xml.XmlBeanDefinitionReader – Loading XML bean definitions from ServletContext resource [/WEB-INF/greeter-servlet.xml]
2016-10-17 10:55:28.0083 INFO localhost-startStop-1 org.springframework.web.servlet.DispatcherServlet – FrameworkServlet 'greeter': initialization completed in 97 ms
